<?xml version="1.0" encoding="UTF-8"?>
<testsuite name="CensusAnalyserTest" tests="1" skipped="0" failures="0" errors="0" timestamp="2020-09-14T19:44:40" hostname="DESKTOP-E8Q152A" time="0.035">
  <properties/>
  <testcase name="givenIndianStateCodeData_WhenSortedOnStateCode_ShouldReturnSortResult" classname="CensusAnalyserTest" time="0.035"/>
  <system-out><![CDATA[]]></system-out>
  <system-err><![CDATA[]]></system-err>
</testsuite>
